********************************************************************************
IMG: twrp-img/arm/twrp-2.8.7.1-hammerhead.img
ZIP: twrp-env/twrp-2.8.7.1-hammerhead.zip
ENV: twrp2-arm
********************************************************************************


Working directory cleaned.
[H[2J
Android Image Kitchen - UnpackImg Script
by osm0sis @ xda-developers

Supplied image: twrp-2.8.7.1-hammerhead.img

Setting up work folders...

Splitting image to "split_img/"...

BOARD_KERNEL_CMDLINE console=ttyHSL0,115200,n8 androidboot.hardware=hammerhead user_debug=31 maxcpus=2 msm_watchdog_v2.enable=1 androidboot.selinux=permissive
BOARD_KERNEL_BASE 00000000
BOARD_NAME 
BOARD_PAGE_SIZE 2048
BOARD_KERNEL_OFFSET 00008000
BOARD_RAMDISK_OFFSET 02900000
BOARD_TAGS_OFFSET 02700000

Unpacking ramdisk to "ramdisk/"...

Compression used: gzip
17377 blocks

Done!


*** absolute symlinks:
/flashize/env/sbin/gunzip -> /sbin/unpigz >>> unpigz
/flashize/env/sbin/gzip -> /sbin/pigz >>> pigz


*** busybox:
-rwxr-x--- 1 rod rod 493040 Mar 23 23:09 busybox

*** toybox:
MISSING -------------------------------> toybox

*** f2fs:
-rwxr-x--- 1 rod rod  38500 Mar 23 23:09 fsck.f2fs
-rwxr-x--- 1 rod rod 169988 Mar 23 23:09 mkfs.f2fs

*** exfat:
-rwxr-x--- 1 rod rod  99992 Mar 23 23:09 exfat-fuse
lrwxrwxrwx 1 rod rod     11 Mar 23 23:09 fsck.exfat -> mount.exfat
-rwxr-x--- 1 rod rod  29904 Mar 23 23:09 libexfat.so
-rwxr-x--- 1 rod rod  19576 Mar 23 23:09 mkexfatfs
lrwxrwxrwx 1 rod rod     11 Mar 23 23:09 mkfs.exfat -> mount.exfat
-rwxr-x--- 1 rod rod 290612 Mar 23 23:09 mount.exfat

*** ntfs:
MISSING -------------------------------> ntfs

*** fsck:
-rwxr-x--- 1 rod rod  34196 Mar 23 23:09 dosfsck
-rwxr-x--- 1 rod rod 154592 Mar 23 23:09 e2fsck
lrwxrwxrwx 1 rod rod     11 Mar 23 23:09 fsck.exfat -> mount.exfat
-rwxr-x--- 1 rod rod  38500 Mar 23 23:09 fsck.f2fs
lrwxrwxrwx 1 rod rod      7 Mar 23 23:09 fsck_msdos -> dosfsck

*** mkfs:
-rwxr-x--- 1 rod rod  22328 Mar 23 23:09 mkdosfs
-rwxr-x--- 1 rod rod  46464 Mar 23 23:09 mke2fs
-rwxr-x--- 1 rod rod  19576 Mar 23 23:09 mkexfatfs
lrwxrwxrwx 1 rod rod     11 Mar 23 23:09 mkfs.exfat -> mount.exfat
lrwxrwxrwx 1 rod rod      7 Mar 23 23:09 mkfs.ext2 -> busybox
-rwxr-x--- 1 rod rod 169988 Mar 23 23:09 mkfs.f2fs
lrwxrwxrwx 1 rod rod      7 Mar 23 23:09 mkfs.vfat -> busybox

*** fstrim:
lrwxrwxrwx 1 rod rod 7 Mar 23 23:09 fstrim -> busybox


Working directory cleaned.


*** env alias:
lrwxrwxrwx 1 rod rod 27 Mar 23 23:09 twrp-env/twrp2-arm.zip -> twrp-2.8.7.1-hammerhead.zip


********************************************************************************
IMG: twrp-img/arm/twrp-3.0.0-0-hammerhead.img
ZIP: twrp-env/twrp-3.0.0-0-hammerhead.zip
ENV: twrp3-arm
********************************************************************************


Working directory cleaned.
[H[2J
Android Image Kitchen - UnpackImg Script
by osm0sis @ xda-developers

Supplied image: twrp-3.0.0-0-hammerhead.img

Setting up work folders...

Splitting image to "split_img/"...

BOARD_KERNEL_CMDLINE console=ttyHSL0,115200,n8 androidboot.hardware=hammerhead user_debug=31 maxcpus=2 msm_watchdog_v2.enable=1 androidboot.selinux=permissive
BOARD_KERNEL_BASE 00000000
BOARD_NAME 
BOARD_PAGE_SIZE 2048
BOARD_KERNEL_OFFSET 00008000
BOARD_RAMDISK_OFFSET 02900000
BOARD_TAGS_OFFSET 02700000

Unpacking ramdisk to "ramdisk/"...

Compression used: gzip
17324 blocks

Done!


*** absolute symlinks:
/flashize/env/sbin/gunzip -> /sbin/unpigz >>> unpigz
/flashize/env/sbin/gzip -> /sbin/pigz >>> pigz


*** busybox:
-rwxr-x--- 1 rod rod 546396 Mar 23 23:09 busybox

*** toybox:
MISSING -------------------------------> toybox

*** f2fs:
-rwxr-x--- 1 rod rod  38500 Mar 23 23:09 fsck.f2fs
-rwxr-x--- 1 rod rod 169988 Mar 23 23:09 mkfs.f2fs

*** exfat:
-rwxr-x--- 1 rod rod  99992 Mar 23 23:09 exfat-fuse
lrwxrwxrwx 1 rod rod     11 Mar 23 23:09 fsck.exfat -> mount.exfat
-rwxr-x--- 1 rod rod  29912 Mar 23 23:09 libexfat_twrp.so
-rwxr-x--- 1 rod rod  19576 Mar 23 23:09 mkexfatfs
lrwxrwxrwx 1 rod rod     11 Mar 23 23:09 mkfs.exfat -> mount.exfat
-rwxr-x--- 1 rod rod 290612 Mar 23 23:09 mount.exfat

*** ntfs:
MISSING -------------------------------> ntfs

*** fsck:
-rwxr-x--- 1 rod rod 154592 Mar 23 23:09 e2fsck
lrwxrwxrwx 1 rod rod     11 Mar 23 23:09 fsck.exfat -> mount.exfat
-rwxr-x--- 1 rod rod  38500 Mar 23 23:09 fsck.f2fs
-rwxr-x--- 1 rod rod  38292 Mar 23 23:09 fsck.fat

*** mkfs:
-rwxr-x--- 1 rod rod  46464 Mar 23 23:09 mke2fs
-rwxr-x--- 1 rod rod  19576 Mar 23 23:09 mkexfatfs
lrwxrwxrwx 1 rod rod     11 Mar 23 23:09 mkfs.exfat -> mount.exfat
lrwxrwxrwx 1 rod rod      7 Mar 23 23:09 mkfs.ext2 -> busybox
-rwxr-x--- 1 rod rod 169988 Mar 23 23:09 mkfs.f2fs
-rwxr-x--- 1 rod rod  22332 Mar 23 23:09 mkfs.fat

*** fstrim:
lrwxrwxrwx 1 rod rod 7 Mar 23 23:09 fstrim -> busybox


Working directory cleaned.


*** env alias:
lrwxrwxrwx 1 rod rod 27 Mar 23 23:09 twrp-env/twrp3-arm.zip -> twrp-3.0.0-0-hammerhead.zip


********************************************************************************
IMG: twrp-img/arm64/twrp-2.8.7.1-clark.img
ZIP: twrp-env/twrp-2.8.7.1-clark.zip
ENV: twrp2-arm64
********************************************************************************


Working directory cleaned.
[H[2J
Android Image Kitchen - UnpackImg Script
by osm0sis @ xda-developers

Supplied image: twrp-2.8.7.1-clark.img

Setting up work folders...

Splitting image to "split_img/"...

BOARD_KERNEL_CMDLINE console=ttyHSL0,115200,n8 androidboot.console=ttyHSL0 androidboot.hardware=qcom msm_rtb.filter=0x37 ehci-hcd.park=3 lpm_levels.sleep_disabled=1 earlyprintk=msm_hsl_uart,0xf991e000 utags.blkdev=/dev/block/bootdevice/by-name/utags utags.backup=/dev/block/bootdevice/by-name/utagsBackup androidboot.selinux=permissive
BOARD_KERNEL_BASE 00000000
BOARD_NAME 
BOARD_PAGE_SIZE 2048
BOARD_KERNEL_OFFSET 00008000
BOARD_RAMDISK_OFFSET 0000000b
BOARD_TAGS_OFFSET 0000000b
BOARD_DT_SIZE 4612096

Unpacking ramdisk to "ramdisk/"...

Compression used: gzip
29781 blocks

Done!


*** absolute symlinks:
/flashize/env/sbin/gunzip -> /sbin/unpigz >>> unpigz
/flashize/env/sbin/gzip -> /sbin/pigz >>> pigz


*** busybox:
-rwxr-x--- 1 rod rod 1038344 Mar 23 23:09 busybox

*** toybox:
MISSING -------------------------------> toybox

*** f2fs:
-rwxr-x--- 1 rod rod 301672 Mar 23 23:09 mkfs.f2fs

*** exfat:
-rwxr-x--- 1 rod rod 190536 Mar 23 23:09 exfat-fuse
lrwxrwxrwx 1 rod rod     11 Mar 23 23:09 fsck.exfat -> mount.exfat
-rwxr-x--- 1 rod rod  42480 Mar 23 23:09 libexfat.so
-rwxr-x--- 1 rod rod  24040 Mar 23 23:09 mkexfatfs
lrwxrwxrwx 1 rod rod     11 Mar 23 23:09 mkfs.exfat -> mount.exfat
-rwxr-x--- 1 rod rod 524648 Mar 23 23:09 mount.exfat

*** ntfs:
MISSING -------------------------------> ntfs

*** fsck:
-rwxr-x--- 1 rod rod  50904 Mar 23 23:09 dosfsck
-rwxr-x--- 1 rod rod 216776 Mar 23 23:09 e2fsck
lrwxrwxrwx 1 rod rod     11 Mar 23 23:09 fsck.exfat -> mount.exfat
lrwxrwxrwx 1 rod rod      7 Mar 23 23:09 fsck_msdos -> dosfsck

*** mkfs:
-rwxr-x--- 1 rod rod  26784 Mar 23 23:09 mkdosfs
-rwxr-x--- 1 rod rod  55008 Mar 23 23:09 mke2fs
-rwxr-x--- 1 rod rod  24040 Mar 23 23:09 mkexfatfs
lrwxrwxrwx 1 rod rod     11 Mar 23 23:09 mkfs.exfat -> mount.exfat
lrwxrwxrwx 1 rod rod      7 Mar 23 23:09 mkfs.ext2 -> busybox
-rwxr-x--- 1 rod rod 301672 Mar 23 23:09 mkfs.f2fs
lrwxrwxrwx 1 rod rod      7 Mar 23 23:09 mkfs.vfat -> busybox

*** fstrim:
lrwxrwxrwx 1 rod rod 7 Mar 23 23:09 fstrim -> busybox


Working directory cleaned.


*** env alias:
lrwxrwxrwx 1 rod rod 22 Mar 23 23:09 twrp-env/twrp2-arm64.zip -> twrp-2.8.7.1-clark.zip


********************************************************************************
IMG: twrp-img/arm64/twrp-3.0.0-1-clark.img
ZIP: twrp-env/twrp-3.0.0-1-clark.zip
ENV: twrp3-arm64
********************************************************************************


Working directory cleaned.
[H[2J
Android Image Kitchen - UnpackImg Script
by osm0sis @ xda-developers

Supplied image: twrp-3.0.0-1-clark.img

Setting up work folders...

Splitting image to "split_img/"...

BOARD_KERNEL_CMDLINE console=ttyHSL0,115200,n8 androidboot.console=ttyHSL0 androidboot.hardware=qcom msm_rtb.filter=0x37 ehci-hcd.park=3 lpm_levels.sleep_disabled=1 earlyprintk=msm_hsl_uart,0xf991e000 utags.blkdev=/dev/block/bootdevice/by-name/utags utags.backup=/dev/block/bootdevice/by-name/utagsBackup androidboot.selinux=permissive
BOARD_KERNEL_BASE 00000000
BOARD_NAME 
BOARD_PAGE_SIZE 2048
BOARD_KERNEL_OFFSET 00008000
BOARD_RAMDISK_OFFSET 0000000b
BOARD_TAGS_OFFSET 0000000b
BOARD_DT_SIZE 4612096

Unpacking ramdisk to "ramdisk/"...

Compression used: gzip
28373 blocks

Done!


*** absolute symlinks:
/flashize/env/sbin/gunzip -> /sbin/unpigz >>> unpigz
/flashize/env/sbin/gzip -> /sbin/pigz >>> pigz


*** busybox:
-rwxr-x--- 1 rod rod 1042768 Mar 23 23:09 busybox

*** toybox:
MISSING -------------------------------> toybox

*** f2fs:
-rwxr-x--- 1 rod rod 67616 Mar 23 23:09 fsck.f2fs
-rwxr-x--- 1 rod rod 18152 Mar 23 23:09 libf2fs.so
-rwxr-x--- 1 rod rod 22704 Mar 23 23:09 mkfs.f2fs

*** exfat:
-rwxr-x--- 1 rod rod 186768 Mar 23 23:09 exfat-fuse
-rwxr-x--- 1 rod rod  10184 Mar 23 23:09 fsck.exfat
-rwxr-x--- 1 rod rod  46832 Mar 23 23:09 libexfat_twrp.so
-rwxr-x--- 1 rod rod  24368 Mar 23 23:09 mkexfatfs

*** ntfs:
MISSING -------------------------------> ntfs

*** fsck:
-rwxr-x--- 1 rod rod 217136 Mar 23 23:09 e2fsck
-rwxr-x--- 1 rod rod  10184 Mar 23 23:09 fsck.exfat
-rwxr-x--- 1 rod rod  67616 Mar 23 23:09 fsck.f2fs
-rwxr-x--- 1 rod rod  55328 Mar 23 23:09 fsck.fat

*** mkfs:
-rwxr-x--- 1 rod rod 55336 Mar 23 23:09 mke2fs
-rwxr-x--- 1 rod rod 24368 Mar 23 23:09 mkexfatfs
lrwxrwxrwx 1 rod rod     7 Mar 23 23:09 mkfs.ext2 -> busybox
-rwxr-x--- 1 rod rod 22704 Mar 23 23:09 mkfs.f2fs
-rwxr-x--- 1 rod rod 31208 Mar 23 23:09 mkfs.fat

*** fstrim:
lrwxrwxrwx 1 rod rod 7 Mar 23 23:09 fstrim -> busybox


Working directory cleaned.


*** env alias:
lrwxrwxrwx 1 rod rod 22 Mar 23 23:09 twrp-env/twrp3-arm64.zip -> twrp-3.0.0-1-clark.zip


********************************************************************************
IMG: twrp-img/x86_64/twrp-2.8.7.2-Z00A.img
ZIP: twrp-env/twrp-2.8.7.2-Z00A.zip
ENV: twrp2-x86_64
********************************************************************************


Working directory cleaned.
[H[2J
Android Image Kitchen - UnpackImg Script
by osm0sis @ xda-developers

Supplied image: twrp-2.8.7.2-Z00A.img

Setting up work folders...

Splitting image to "split_img/"...

BOARD_KERNEL_CMDLINE init=/init pci=noearly loglevel=0 vmalloc=256M androidboot.hardware=mofd_v1 watchdog.watchdog_thresh=60 androidboot.spid=xxxx:xxxx:xxxx:xxxx:xxxx:xxxx androidboot.serialno=01234567890123456789 snd_pcm.maximum_substreams=8 ip=50.0.0.2:50.0.0.1::255.255.255.0::usb0:on debug_locks=0 n_gsm.mux_base_conf="ttyACM0,0 ttyXMM0,1" androidboot.selinux=permissive
BOARD_KERNEL_BASE 10000000
BOARD_NAME 
BOARD_PAGE_SIZE 2048
BOARD_KERNEL_OFFSET 00008000
BOARD_RAMDISK_OFFSET 01000000
BOARD_SECOND_OFFSET 00f00000
BOARD_TAGS_OFFSET 00000100

Unpacking ramdisk to "ramdisk/"...

Compression used: gzip
32321 blocks

Done!


*** absolute symlinks:
/flashize/env/sbin/gunzip -> /sbin/unpigz >>> unpigz
/flashize/env/sbin/gzip -> /sbin/pigz >>> pigz


*** busybox:
-rwxr-x--- 1 rod rod 1308212 Mar 23 23:09 busybox

*** toybox:
MISSING -------------------------------> toybox

*** f2fs:
MISSING -------------------------------> f2fs

*** exfat:
-rwxr-x--- 1 rod rod 198208 Mar 23 23:09 exfat-fuse
lrwxrwxrwx 1 rod rod     11 Mar 23 23:09 fsck.exfat -> mount.exfat
-rwxr-x--- 1 rod rod  58532 Mar 23 23:09 libexfat.so
-rwxr-x--- 1 rod rod  23608 Mar 23 23:09 mkexfatfs
lrwxrwxrwx 1 rod rod     11 Mar 23 23:09 mkfs.exfat -> mount.exfat
-rwxr-x--- 1 rod rod 490964 Mar 23 23:09 mount.exfat

*** ntfs:
-rwxr-x--- 1 rod rod 120276 Mar 23 23:09 mkntfs
-rwxr-x--- 1 rod rod 481136 Mar 23 23:09 ntfs-3g
-rwxr-x--- 1 rod rod 247284 Mar 23 23:09 ntfsfix

*** fsck:
-rwxr-x--- 1 rod rod  62800 Mar 23 23:09 dosfsck
-rwxr-x--- 1 rod rod 248880 Mar 23 23:09 e2fsck
lrwxrwxrwx 1 rod rod     11 Mar 23 23:09 fsck.exfat -> mount.exfat
lrwxrwxrwx 1 rod rod      7 Mar 23 23:09 fsck_msdos -> dosfsck

*** mkfs:
-rwxr-x--- 1 rod rod  26364 Mar 23 23:09 mkdosfs
-rwxr-x--- 1 rod rod  54592 Mar 23 23:09 mke2fs
-rwxr-x--- 1 rod rod  23608 Mar 23 23:09 mkexfatfs
lrwxrwxrwx 1 rod rod     11 Mar 23 23:09 mkfs.exfat -> mount.exfat
lrwxrwxrwx 1 rod rod      7 Mar 23 23:09 mkfs.ext2 -> busybox
lrwxrwxrwx 1 rod rod      7 Mar 23 23:09 mkfs.vfat -> busybox
-rwxr-x--- 1 rod rod 120276 Mar 23 23:09 mkntfs

*** fstrim:
lrwxrwxrwx 1 rod rod 7 Mar 23 23:09 fstrim -> busybox


Working directory cleaned.


*** env alias:
lrwxrwxrwx 1 rod rod 21 Mar 23 23:09 twrp-env/twrp2-x86_64.zip -> twrp-2.8.7.2-Z00A.zip


********************************************************************************
IMG: twrp-img/x86_64/twrp-3.0.0-0-Z00A.img
ZIP: twrp-env/twrp-3.0.0-0-Z00A.zip
ENV: twrp3-x86_64
********************************************************************************


Working directory cleaned.
[H[2J
Android Image Kitchen - UnpackImg Script
by osm0sis @ xda-developers

Supplied image: twrp-3.0.0-0-Z00A.img

Setting up work folders...

Splitting image to "split_img/"...

BOARD_KERNEL_CMDLINE init=/init pci=noearly loglevel=0 vmalloc=256M androidboot.hardware=mofd_v1 watchdog.watchdog_thresh=60 androidboot.spid=xxxx:xxxx:xxxx:xxxx:xxxx:xxxx androidboot.serialno=01234567890123456789 snd_pcm.maximum_substreams=8 ip=50.0.0.2:50.0.0.1::255.255.255.0::usb0:on debug_locks=0 n_gsm.mux_base_conf="ttyACM0,0 ttyXMM0,1" androidboot.selinux=permissive
BOARD_KERNEL_BASE 10000000
BOARD_NAME 
BOARD_PAGE_SIZE 2048
BOARD_KERNEL_OFFSET 00008000
BOARD_RAMDISK_OFFSET 01000000
BOARD_SECOND_OFFSET 00f00000
BOARD_TAGS_OFFSET 00000100

Unpacking ramdisk to "ramdisk/"...

Compression used: gzip
35703 blocks

Done!


*** absolute symlinks:
/flashize/env/sbin/gunzip -> /sbin/unpigz >>> unpigz
/flashize/env/sbin/gzip -> /sbin/pigz >>> pigz


*** busybox:
-rwxr-x--- 1 rod rod 1361652 Mar 23 23:09 busybox

*** toybox:
MISSING -------------------------------> toybox

*** f2fs:
-rwxr-x--- 1 rod rod  83456 Mar 23 23:09 fsck.f2fs
-rwxr-x--- 1 rod rod 469112 Mar 23 23:09 mkfs.f2fs

*** exfat:
-rwxr-x--- 1 rod rod 186112 Mar 23 23:09 exfat-fuse
-rwxr-x--- 1 rod rod   9640 Mar 23 23:09 fsck.exfat
-rwxr-x--- 1 rod rod  62892 Mar 23 23:09 libexfat_twrp.so
-rwxr-x--- 1 rod rod  23836 Mar 23 23:09 mkexfatfs

*** ntfs:
-rwxr-x--- 1 rod rod 128664 Mar 23 23:09 mkntfs
-rwxr-x--- 1 rod rod 497748 Mar 23 23:09 ntfs-3g
-rwxr-x--- 1 rod rod 255672 Mar 23 23:09 ntfsfix

*** fsck:
-rwxr-x--- 1 rod rod 257488 Mar 23 23:09 e2fsck
-rwxr-x--- 1 rod rod   9640 Mar 23 23:09 fsck.exfat
-rwxr-x--- 1 rod rod  83456 Mar 23 23:09 fsck.f2fs
-rwxr-x--- 1 rod rod  67092 Mar 23 23:09 fsck.fat

*** mkfs:
-rwxr-x--- 1 rod rod  54784 Mar 23 23:09 mke2fs
-rwxr-x--- 1 rod rod  23836 Mar 23 23:09 mkexfatfs
lrwxrwxrwx 1 rod rod      7 Mar 23 23:09 mkfs.ext2 -> busybox
-rwxr-x--- 1 rod rod 469112 Mar 23 23:09 mkfs.f2fs
-rwxr-x--- 1 rod rod  30688 Mar 23 23:09 mkfs.fat
-rwxr-x--- 1 rod rod 128664 Mar 23 23:09 mkntfs

*** fstrim:
lrwxrwxrwx 1 rod rod 7 Mar 23 23:09 fstrim -> busybox


Working directory cleaned.


*** env alias:
lrwxrwxrwx 1 rod rod 21 Mar 23 23:09 twrp-env/twrp3-x86_64.zip -> twrp-3.0.0-0-Z00A.zip


